# JRE version: Java(TM) SE Runtime Environment (8.0_91-b14) (build 1.8.0_91-b14)
# Java VM: Java HotSpot(TM) Client VM (25.91-b14 mixed mode windows-x86 )
Heap:
 def new generation   total 39424K, used 33832K [0x04a00000, 0x074c0000, 0x0f4a0000)
  eden space 35072K,  94% used [0x04a00000, 0x06a60d28, 0x06c40000)
  from space 4352K,  15% used [0x06c40000, 0x06ce9690, 0x07080000)
  to   space 4352K,   0% used [0x07080000, 0x07080000, 0x074c0000)
 tenured generation   total 87424K, used 40530K [0x0f4a0000, 0x14a00000, 0x24a00000)
   the space 87424K,  46% used [0x0f4a0000, 0x11c34b20, 0x11c34c00, 0x14a00000)
 Metaspace       used 18199K, capacity 18627K, committed 18688K, reserved 18816K
GC Heap History (10 events):
Event: 233.663 GC heap before
{Heap before GC invocations=14 (full 1):
 def new generation   total 39424K, used 38108K [0x04a00000, 0x074c0000, 0x0f4a0000)
  eden space 35072K, 100% used [0x04a00000, 0x06c40000, 0x06c40000)
  from space 4352K,  69% used [0x07080000, 0x07377368, 0x074c0000)
  to   space 4352K,   0% used [0x06c40000, 0x06c40000, 0x07080000)
 tenured generation   total 87424K, used 31467K [0x0f4a0000, 0x14a00000, 0x24a00000)
   the space 87424K,  35% used [0x0f4a0000, 0x1135aeb8, 0x1135b000, 0x14a00000)
 Metaspace       used 18071K, capacity 18489K, committed 18560K, reserved 18816K
Event: 233.681 GC heap after
Heap after GC invocations=15 (full 1):
 def new generation   total 39424K, used 3649K [0x04a00000, 0x074c0000, 0x0f4a0000)
  eden space 35072K,   0% used [0x04a00000, 0x04a00000, 0x06c40000)
  from space 4352K,  83% used [0x06c40000, 0x06fd07e0, 0x07080000)
  to   space 4352K,   0% used [0x07080000, 0x07080000, 0x074c0000)
 tenured generation   total 87424K, used 34132K [0x0f4a0000, 0x14a00000, 0x24a00000)
   the space 87424K,  39% used [0x0f4a0000, 0x115f53c0, 0x115f5400, 0x14a00000)
 Metaspace       used 18071K, capacity 18489K, committed 18560K, reserved 18816K
}
Event: 466.497 GC heap before
{Heap before GC invocations=15 (full 1):
 def new generation   total 39424K, used 38721K [0x04a00000, 0x074c0000, 0x0f4a0000)
  eden space 35072K, 100% used [0x04a00000, 0x06c40000, 0x06c40000)
  from space 4352K,  83% used [0x06c40000, 0x06fd07e0, 0x07080000)
  to   space 4352K,   0% used [0x07080000, 0x07080000, 0x074c0000)
 tenured generation   total 87424K, used 34132K [0x0f4a0000, 0x14a00000, 0x24a00000)
   the space 87424K,  39% used [0x0f4a0000, 0x115f53c0, 0x115f5400, 0x14a00000)
 Metaspace       used 18193K, capacity 18617K, committed 18688K, reserved 18816K
Event: 466.505 GC heap after
Heap after GC invocations=16 (full 1):
 def new generation   total 39424K, used 609K [0x04a00000, 0x074c0000, 0x0f4a0000)
  eden space 35072K,   0% used [0x04a00000, 0x04a00000, 0x06c40000)
  from space 4352K,  14% used [0x07080000, 0x071185b0, 0x074c0000)
  to   space 4352K,   0% used [0x06c40000, 0x06c40000, 0x07080000)
 tenured generation   total 87424K, used 37587K [0x0f4a0000, 0x14a00000, 0x24a00000)
   the space 87424K,  42% used [0x0f4a0000, 0x11954cb8, 0x11954e00, 0x14a00000)
 Metaspace       used 18193K, capacity 18617K, committed 18688K, reserved 18816K
}
Event: 499.478 GC heap before
{Heap before GC invocations=16 (full 1):
 def new generation   total 39424K, used 35681K [0x04a00000, 0x074c0000, 0x0f4a0000)
  eden space 35072K, 100% used [0x04a00000, 0x06c40000, 0x06c40000)
  from space 4352K,  14% used [0x07080000, 0x071185b0, 0x074c0000)
  to   space 4352K,   0% used [0x06c40000, 0x06c40000, 0x07080000)
 tenured generation   total 87424K, used 37587K [0x0f4a0000, 0x14a00000, 0x24a00000)
   the space 87424K,  42% used [0x0f4a0000, 0x11954cb8, 0x11954e00, 0x14a00000)
 Metaspace       used 18199K, capacity 18627K, committed 18688K, reserved 18816K
Event: 499.486 GC heap after
Heap after GC invocations=17 (full 1):
 def new generation   total 39424K, used 3038K [0x04a00000, 0x074c0000, 0x0f4a0000)
  eden space 35072K,   0% used [0x04a00000, 0x04a00000, 0x06c40000)
  from space 4352K,  69% used [0x06c40000, 0x06f37bc0, 0x07080000)
  to   space 4352K,   0% used [0x07080000, 0x07080000, 0x074c0000)
 tenured generation   total 87424K, used 37587K [0x0f4a0000, 0x14a00000, 0x24a00000)
   the space 87424K,  42% used [0x0f4a0000, 0x11954cb8, 0x11954e00, 0x14a00000)
 Metaspace       used 18199K, capacity 18627K, committed 18688K, reserved 18816K
}
Event: 504.745 GC heap before
{Heap before GC invocations=17 (full 1):
 def new generation   total 39424K, used 38110K [0x04a00000, 0x074c0000, 0x0f4a0000)
  eden space 35072K, 100% used [0x04a00000, 0x06c40000, 0x06c40000)
  from space 4352K,  69% used [0x06c40000, 0x06f37bc0, 0x07080000)
  to   space 4352K,   0% used [0x07080000, 0x07080000, 0x074c0000)
 tenured generation   total 87424K, used 37587K [0x0f4a0000, 0x14a00000, 0x24a00000)
   the space 87424K,  42% used [0x0f4a0000, 0x11954cb8, 0x11954e00, 0x14a00000)
 Metaspace       used 18199K, capacity 18627K, committed 18688K, reserved 18816K
Event: 504.749 GC heap after
Heap after GC invocations=18 (full 1):
 def new generation   total 39424K, used 1K [0x04a00000, 0x074c0000, 0x0f4a0000)
  eden space 35072K,   0% used [0x04a00000, 0x04a00000, 0x06c40000)
  from space 4352K,   0% used [0x07080000, 0x070806a0, 0x074c0000)
  to   space 4352K,   0% used [0x06c40000, 0x06c40000, 0x07080000)
 tenured generation   total 87424K, used 40530K [0x0f4a0000, 0x14a00000, 0x24a00000)
   the space 87424K,  46% used [0x0f4a0000, 0x11c34b20, 0x11c34c00, 0x14a00000)
 Metaspace       used 18199K, capacity 18627K, committed 18688K, reserved 18816K
}
Event: 532.607 GC heap before
{Heap before GC invocations=18 (full 1):
 def new generation   total 39424K, used 35073K [0x04a00000, 0x074c0000, 0x0f4a0000)
  eden space 35072K, 100% used [0x04a00000, 0x06c40000, 0x06c40000)
  from space 4352K,   0% used [0x07080000, 0x070806a0, 0x074c0000)
  to   space 4352K,   0% used [0x06c40000, 0x06c40000, 0x07080000)
 tenured generation   total 87424K, used 40530K [0x0f4a0000, 0x14a00000, 0x24a00000)
   the space 87424K,  46% used [0x0f4a0000, 0x11c34b20, 0x11c34c00, 0x14a00000)
 Metaspace       used 18199K, capacity 18627K, committed 18688K, reserved 18816K
Event: 532.615 GC heap after
Heap after GC invocations=19 (full 1):
 def new generation   total 39424K, used 677K [0x04a00000, 0x074c0000, 0x0f4a0000)
  eden space 35072K,   0% used [0x04a00000, 0x04a00000, 0x06c40000)
  from space 4352K,  15% used [0x06c40000, 0x06ce9690, 0x07080000)
  to   space 4352K,   0% used [0x07080000, 0x07080000, 0x074c0000)
 tenured generation   total 87424K, used 40530K [0x0f4a0000, 0x14a00000, 0x24a00000)
   the space 87424K,  46% used [0x0f4a0000, 0x11c34b20, 0x11c34c00, 0x14a00000)
 Metaspace       used 18199K, capacity 18627K, committed 18688K, reserved 18816K
}

